[35m[1mScanning dependencies of target LaneDetectorFu
[35m[1mScanning dependencies of target line_detection_fu_mod_gencfg
[0m[0m[ 20%] [ 40%] [32mBuilding CXX object CMakeFiles/LaneDetectorFu.dir/src/tools/NewtonPolynomial.cpp.o
[0m[34m[1mGenerating dynamic reconfigure files from cfg/LaneDetection.cfg: /home/eduardo/Robotica/WS_AutoNOMOS/line_det/devel/.private/line_detection_fu_mod/include/line_detection_fu_mod/LaneDetectionConfig.h /home/eduardo/Robotica/WS_AutoNOMOS/line_det/devel/.private/line_detection_fu_mod/lib/python2.7/dist-packages/line_detection_fu_mod/cfg/LaneDetectionConfig.py
[0mGenerating reconfiguration files for LaneDetection in line_detection_fu
Wrote header file in /home/eduardo/Robotica/WS_AutoNOMOS/line_det/devel/.private/line_detection_fu_mod/include/line_detection_fu_mod/LaneDetectionConfig.h
[ 40%] Built target line_detection_fu_mod_gencfg
[ 60%] [32mBuilding CXX object CMakeFiles/LaneDetectorFu.dir/src/tools/LanePolynomial.cpp.o
[0m[ 80%] [32mBuilding CXX object CMakeFiles/LaneDetectorFu.dir/src/tools/IPMapper.cpp.o
[0m[31m[1mLinking CXX shared library /home/eduardo/Robotica/WS_AutoNOMOS/line_det/devel/.private/line_detection_fu_mod/lib/libLaneDetectorFu.so
[0m[ 80%] Built target LaneDetectorFu
[35m[1mScanning dependencies of target line_detection_fu_node
[0m[100%] [32mBuilding CXX object CMakeFiles/line_detection_fu_node.dir/src/laneDetection.cpp.o
In file included from /home/eduardo/Robotica/WS_AutoNOMOS/line_det/src/fu_line_detection/src/laneDetection.cpp:1:0:
/home/eduardo/Robotica/WS_AutoNOMOS/line_det/src/fu_line_detection/src/laneDetection.h:61:51: fatal error: line_detection_fu/LaneDetectionConfig.h: No such file or directory
 #include <line_detection_fu/LaneDetectionConfig.h>
                                                   ^
compilation terminated.
make[2]: *** [CMakeFiles/line_detection_fu_node.dir/src/laneDetection.cpp.o] Error 1
make[1]: *** [CMakeFiles/line_detection_fu_node.dir/all] Error 2
make: *** [all] Error 2
