Determining if the pthread_create exist failed with the following output:
Change Dir: /home/rriverase/Documents/AutoNOMOS/src/Gazebo_plugin/CMakeFiles/CMakeTmp

Run Build Command:"/usr/bin/gmake" "cmTC_d205e/fast"
/usr/bin/gmake -f CMakeFiles/cmTC_d205e.dir/build.make CMakeFiles/cmTC_d205e.dir/build
gmake[1]: Entering directory '/home/rriverase/Documents/AutoNOMOS/src/Gazebo_plugin/CMakeFiles/CMakeTmp'
Building C object CMakeFiles/cmTC_d205e.dir/CheckSymbolExists.c.o
/usr/bin/cc    -o CMakeFiles/cmTC_d205e.dir/CheckSymbolExists.c.o   -c /home/rriverase/Documents/AutoNOMOS/src/Gazebo_plugin/CMakeFiles/CMakeTmp/CheckSymbolExists.c
Linking C executable cmTC_d205e
/usr/bin/cmake -E cmake_link_script CMakeFiles/cmTC_d205e.dir/link.txt --verbose=1
/usr/bin/cc      -rdynamic CMakeFiles/cmTC_d205e.dir/CheckSymbolExists.c.o  -o cmTC_d205e 
CMakeFiles/cmTC_d205e.dir/CheckSymbolExists.c.o: In function `main':
CheckSymbolExists.c:(.text+0x16): undefined reference to `pthread_create'
collect2: error: ld returned 1 exit status
gmake[1]: *** [CMakeFiles/cmTC_d205e.dir/build.make:98: cmTC_d205e] Error 1
gmake[1]: Leaving directory '/home/rriverase/Documents/AutoNOMOS/src/Gazebo_plugin/CMakeFiles/CMakeTmp'
gmake: *** [Makefile:126: cmTC_d205e/fast] Error 2

File /home/rriverase/Documents/AutoNOMOS/src/Gazebo_plugin/CMakeFiles/CMakeTmp/CheckSymbolExists.c:
/* */
#include <pthread.h>

int main(int argc, char** argv)
{
  (void)argv;
#ifndef pthread_create
  return ((int*)(&pthread_create))[argc];
#else
  (void)argc;
  return 0;
#endif
}

Determining if the function pthread_create exists in the pthreads failed with the following output:
Change Dir: /home/rriverase/Documents/AutoNOMOS/src/Gazebo_plugin/CMakeFiles/CMakeTmp

Run Build Command:"/usr/bin/gmake" "cmTC_021e0/fast"
/usr/bin/gmake -f CMakeFiles/cmTC_021e0.dir/build.make CMakeFiles/cmTC_021e0.dir/build
gmake[1]: Entering directory '/home/rriverase/Documents/AutoNOMOS/src/Gazebo_plugin/CMakeFiles/CMakeTmp'
Building C object CMakeFiles/cmTC_021e0.dir/CheckFunctionExists.c.o
/usr/bin/cc   -DCHECK_FUNCTION_EXISTS=pthread_create   -o CMakeFiles/cmTC_021e0.dir/CheckFunctionExists.c.o   -c /usr/share/cmake/Modules/CheckFunctionExists.c
Linking C executable cmTC_021e0
/usr/bin/cmake -E cmake_link_script CMakeFiles/cmTC_021e0.dir/link.txt --verbose=1
/usr/bin/cc  -DCHECK_FUNCTION_EXISTS=pthread_create    -rdynamic CMakeFiles/cmTC_021e0.dir/CheckFunctionExists.c.o  -o cmTC_021e0 -lpthreads 
/usr/bin/ld: cannot find -lpthreads
collect2: error: ld returned 1 exit status
gmake[1]: *** [CMakeFiles/cmTC_021e0.dir/build.make:98: cmTC_021e0] Error 1
gmake[1]: Leaving directory '/home/rriverase/Documents/AutoNOMOS/src/Gazebo_plugin/CMakeFiles/CMakeTmp'
gmake: *** [Makefile:126: cmTC_021e0/fast] Error 2


